<?xml version="1.0" encoding="UTF-8"?>
<testsuite xmlns:xsi="http://www.w3.org/2001/XMLSchema-instance" xsi:noNamespaceSchemaLocation="https://maven.apache.org/surefire/maven-surefire-plugin/xsd/surefire-test-report.xsd" name="com.blog.personalblog.PersonalBlogApplicationTests" time="5.101" tests="1" errors="0" skipped="0" failures="0">
  <properties>
    <property name="sun.desktop" value="windows"/>
    <property name="awt.toolkit" value="sun.awt.windows.WToolkit"/>
    <property name="file.encoding.pkg" value="sun.io"/>
    <property name="java.specification.version" value="1.8"/>
    <property name="sun.cpu.isalist" value="amd64"/>
    <property name="sun.jnu.encoding" value="GBK"/>
    <property name="java.class.path" value="D:\my_work\IDE_project\IDEA_project\personal-blog\target\test-classes;D:\my_work\IDE_project\IDEA_project\personal-blog\target\classes;D:\develop_tools\apache\apache-maven\apache-maven-3.6.1\mvn_resp\org\springframework\boot\spring-boot-starter-web\2.5.5\spring-boot-starter-web-2.5.5.jar;D:\develop_tools\apache\apache-maven\apache-maven-3.6.1\mvn_resp\org\springframework\boot\spring-boot-starter\2.5.5\spring-boot-starter-2.5.5.jar;D:\develop_tools\apache\apache-maven\apache-maven-3.6.1\mvn_resp\org\springframework\boot\spring-boot\2.5.5\spring-boot-2.5.5.jar;D:\develop_tools\apache\apache-maven\apache-maven-3.6.1\mvn_resp\org\springframework\boot\spring-boot-autoconfigure\2.5.5\spring-boot-autoconfigure-2.5.5.jar;D:\develop_tools\apache\apache-maven\apache-maven-3.6.1\mvn_resp\jakarta\annotation\jakarta.annotation-api\1.3.5\jakarta.annotation-api-1.3.5.jar;D:\develop_tools\apache\apache-maven\apache-maven-3.6.1\mvn_resp\org\yaml\snakeyaml\1.28\snakeyaml-1.28.jar;D:\develop_tools\apache\apache-maven\apache-maven-3.6.1\mvn_resp\org\springframework\boot\spring-boot-starter-json\2.5.5\spring-boot-starter-json-2.5.5.jar;D:\develop_tools\apache\apache-maven\apache-maven-3.6.1\mvn_resp\com\fasterxml\jackson\core\jackson-databind\2.12.5\jackson-databind-2.12.5.jar;D:\develop_tools\apache\apache-maven\apache-maven-3.6.1\mvn_resp\com\fasterxml\jackson\core\jackson-annotations\2.12.5\jackson-annotations-2.12.5.jar;D:\develop_tools\apache\apache-maven\apache-maven-3.6.1\mvn_resp\com\fasterxml\jackson\core\jackson-core\2.12.5\jackson-core-2.12.5.jar;D:\develop_tools\apache\apache-maven\apache-maven-3.6.1\mvn_resp\com\fasterxml\jackson\datatype\jackson-datatype-jdk8\2.12.5\jackson-datatype-jdk8-2.12.5.jar;D:\develop_tools\apache\apache-maven\apache-maven-3.6.1\mvn_resp\com\fasterxml\jackson\datatype\jackson-datatype-jsr310\2.12.5\jackson-datatype-jsr310-2.12.5.jar;D:\develop_tools\apache\apache-maven\apache-maven-3.6.1\mvn_resp\com\fasterxml\jackson\module\jackson-module-parameter-names\2.12.5\jackson-module-parameter-names-2.12.5.jar;D:\develop_tools\apache\apache-maven\apache-maven-3.6.1\mvn_resp\org\springframework\boot\spring-boot-starter-tomcat\2.5.5\spring-boot-starter-tomcat-2.5.5.jar;D:\develop_tools\apache\apache-maven\apache-maven-3.6.1\mvn_resp\org\apache\tomcat\embed\tomcat-embed-core\9.0.53\tomcat-embed-core-9.0.53.jar;D:\develop_tools\apache\apache-maven\apache-maven-3.6.1\mvn_resp\org\apache\tomcat\embed\tomcat-embed-el\9.0.53\tomcat-embed-el-9.0.53.jar;D:\develop_tools\apache\apache-maven\apache-maven-3.6.1\mvn_resp\org\apache\tomcat\embed\tomcat-embed-websocket\9.0.53\tomcat-embed-websocket-9.0.53.jar;D:\develop_tools\apache\apache-maven\apache-maven-3.6.1\mvn_resp\org\springframework\spring-web\5.3.10\spring-web-5.3.10.jar;D:\develop_tools\apache\apache-maven\apache-maven-3.6.1\mvn_resp\org\springframework\spring-beans\5.3.10\spring-beans-5.3.10.jar;D:\develop_tools\apache\apache-maven\apache-maven-3.6.1\mvn_resp\org\springframework\spring-webmvc\5.3.10\spring-webmvc-5.3.10.jar;D:\develop_tools\apache\apache-maven\apache-maven-3.6.1\mvn_resp\org\springframework\spring-aop\5.3.10\spring-aop-5.3.10.jar;D:\develop_tools\apache\apache-maven\apache-maven-3.6.1\mvn_resp\org\springframework\spring-context\5.3.10\spring-context-5.3.10.jar;D:\develop_tools\apache\apache-maven\apache-maven-3.6.1\mvn_resp\org\springframework\spring-expression\5.3.10\spring-expression-5.3.10.jar;D:\develop_tools\apache\apache-maven\apache-maven-3.6.1\mvn_resp\org\springframework\boot\spring-boot-starter-test\2.5.5\spring-boot-starter-test-2.5.5.jar;D:\develop_tools\apache\apache-maven\apache-maven-3.6.1\mvn_resp\org\springframework\boot\spring-boot-test\2.5.5\spring-boot-test-2.5.5.jar;D:\develop_tools\apache\apache-maven\apache-maven-3.6.1\mvn_resp\org\springframework\boot\spring-boot-test-autoconfigure\2.5.5\spring-boot-test-autoconfigure-2.5.5.jar;D:\develop_tools\apache\apache-maven\apache-maven-3.6.1\mvn_resp\com\jayway\jsonpath\json-path\2.5.0\json-path-2.5.0.jar;D:\develop_tools\apache\apache-maven\apache-maven-3.6.1\mvn_resp\net\minidev\json-smart\2.4.7\json-smart-2.4.7.jar;D:\develop_tools\apache\apache-maven\apache-maven-3.6.1\mvn_resp\net\minidev\accessors-smart\2.4.7\accessors-smart-2.4.7.jar;D:\develop_tools\apache\apache-maven\apache-maven-3.6.1\mvn_resp\org\ow2\asm\asm\9.1\asm-9.1.jar;D:\develop_tools\apache\apache-maven\apache-maven-3.6.1\mvn_resp\jakarta\xml\bind\jakarta.xml.bind-api\2.3.3\jakarta.xml.bind-api-2.3.3.jar;D:\develop_tools\apache\apache-maven\apache-maven-3.6.1\mvn_resp\jakarta\activation\jakarta.activation-api\1.2.2\jakarta.activation-api-1.2.2.jar;D:\develop_tools\apache\apache-maven\apache-maven-3.6.1\mvn_resp\org\assertj\assertj-core\3.19.0\assertj-core-3.19.0.jar;D:\develop_tools\apache\apache-maven\apache-maven-3.6.1\mvn_resp\org\hamcrest\hamcrest\2.2\hamcrest-2.2.jar;D:\develop_tools\apache\apache-maven\apache-maven-3.6.1\mvn_resp\org\junit\jupiter\junit-jupiter\5.7.2\junit-jupiter-5.7.2.jar;D:\develop_tools\apache\apache-maven\apache-maven-3.6.1\mvn_resp\org\junit\jupiter\junit-jupiter-api\5.7.2\junit-jupiter-api-5.7.2.jar;D:\develop_tools\apache\apache-maven\apache-maven-3.6.1\mvn_resp\org\apiguardian\apiguardian-api\1.1.0\apiguardian-api-1.1.0.jar;D:\develop_tools\apache\apache-maven\apache-maven-3.6.1\mvn_resp\org\opentest4j\opentest4j\1.2.0\opentest4j-1.2.0.jar;D:\develop_tools\apache\apache-maven\apache-maven-3.6.1\mvn_resp\org\junit\platform\junit-platform-commons\1.7.2\junit-platform-commons-1.7.2.jar;D:\develop_tools\apache\apache-maven\apache-maven-3.6.1\mvn_resp\org\junit\jupiter\junit-jupiter-params\5.7.2\junit-jupiter-params-5.7.2.jar;D:\develop_tools\apache\apache-maven\apache-maven-3.6.1\mvn_resp\org\junit\jupiter\junit-jupiter-engine\5.7.2\junit-jupiter-engine-5.7.2.jar;D:\develop_tools\apache\apache-maven\apache-maven-3.6.1\mvn_resp\org\junit\platform\junit-platform-engine\1.7.2\junit-platform-engine-1.7.2.jar;D:\develop_tools\apache\apache-maven\apache-maven-3.6.1\mvn_resp\org\mockito\mockito-core\3.9.0\mockito-core-3.9.0.jar;D:\develop_tools\apache\apache-maven\apache-maven-3.6.1\mvn_resp\net\bytebuddy\byte-buddy\1.10.22\byte-buddy-1.10.22.jar;D:\develop_tools\apache\apache-maven\apache-maven-3.6.1\mvn_resp\net\bytebuddy\byte-buddy-agent\1.10.22\byte-buddy-agent-1.10.22.jar;D:\develop_tools\apache\apache-maven\apache-maven-3.6.1\mvn_resp\org\objenesis\objenesis\3.2\objenesis-3.2.jar;D:\develop_tools\apache\apache-maven\apache-maven-3.6.1\mvn_resp\org\mockito\mockito-junit-jupiter\3.9.0\mockito-junit-jupiter-3.9.0.jar;D:\develop_tools\apache\apache-maven\apache-maven-3.6.1\mvn_resp\org\skyscreamer\jsonassert\1.5.0\jsonassert-1.5.0.jar;D:\develop_tools\apache\apache-maven\apache-maven-3.6.1\mvn_resp\com\vaadin\external\google\android-json\0.0.20131108.vaadin1\android-json-0.0.20131108.vaadin1.jar;D:\develop_tools\apache\apache-maven\apache-maven-3.6.1\mvn_resp\org\springframework\spring-core\5.3.10\spring-core-5.3.10.jar;D:\develop_tools\apache\apache-maven\apache-maven-3.6.1\mvn_resp\org\springframework\spring-jcl\5.3.10\spring-jcl-5.3.10.jar;D:\develop_tools\apache\apache-maven\apache-maven-3.6.1\mvn_resp\org\springframework\spring-test\5.3.10\spring-test-5.3.10.jar;D:\develop_tools\apache\apache-maven\apache-maven-3.6.1\mvn_resp\org\xmlunit\xmlunit-core\2.8.2\xmlunit-core-2.8.2.jar;D:\develop_tools\apache\apache-maven\apache-maven-3.6.1\mvn_resp\org\springframework\boot\spring-boot-starter-jdbc\2.5.5\spring-boot-starter-jdbc-2.5.5.jar;D:\develop_tools\apache\apache-maven\apache-maven-3.6.1\mvn_resp\com\zaxxer\HikariCP\4.0.3\HikariCP-4.0.3.jar;D:\develop_tools\apache\apache-maven\apache-maven-3.6.1\mvn_resp\org\springframework\spring-jdbc\5.3.10\spring-jdbc-5.3.10.jar;D:\develop_tools\apache\apache-maven\apache-maven-3.6.1\mvn_resp\org\springframework\spring-tx\5.3.10\spring-tx-5.3.10.jar;D:\develop_tools\apache\apache-maven\apache-maven-3.6.1\mvn_resp\mysql\mysql-connector-java\8.0.26\mysql-connector-java-8.0.26.jar;D:\develop_tools\apache\apache-maven\apache-maven-3.6.1\mvn_resp\org\mybatis\spring\boot\mybatis-spring-boot-starter\2.1.3\mybatis-spring-boot-starter-2.1.3.jar;D:\develop_tools\apache\apache-maven\apache-maven-3.6.1\mvn_resp\org\mybatis\spring\boot\mybatis-spring-boot-autoconfigure\2.1.3\mybatis-spring-boot-autoconfigure-2.1.3.jar;D:\develop_tools\apache\apache-maven\apache-maven-3.6.1\mvn_resp\org\mybatis\mybatis\3.5.5\mybatis-3.5.5.jar;D:\develop_tools\apache\apache-maven\apache-maven-3.6.1\mvn_resp\org\mybatis\mybatis-spring\2.0.5\mybatis-spring-2.0.5.jar;D:\develop_tools\apache\apache-maven\apache-maven-3.6.1\mvn_resp\org\slf4j\slf4j-api\1.7.32\slf4j-api-1.7.32.jar;D:\develop_tools\apache\apache-maven\apache-maven-3.6.1\mvn_resp\org\apache\logging\log4j\log4j-api\2.13.0\log4j-api-2.13.0.jar;D:\develop_tools\apache\apache-maven\apache-maven-3.6.1\mvn_resp\org\apache\logging\log4j\log4j-core\2.13.0\log4j-core-2.13.0.jar;D:\develop_tools\apache\apache-maven\apache-maven-3.6.1\mvn_resp\org\apache\logging\log4j\log4j-slf4j-impl\2.13.0\log4j-slf4j-impl-2.13.0.jar;D:\develop_tools\apache\apache-maven\apache-maven-3.6.1\mvn_resp\com\lmax\disruptor\3.4.2\disruptor-3.4.2.jar;D:\develop_tools\apache\apache-maven\apache-maven-3.6.1\mvn_resp\org\projectlombok\lombok\1.18.20\lombok-1.18.20.jar;D:\develop_tools\apache\apache-maven\apache-maven-3.6.1\mvn_resp\javax\validation\validation-api\2.0.1.Final\validation-api-2.0.1.Final.jar;D:\develop_tools\apache\apache-maven\apache-maven-3.6.1\mvn_resp\com\github\spotbugs\spotbugs-annotations\4.7.3\spotbugs-annotations-4.7.3.jar;D:\develop_tools\apache\apache-maven\apache-maven-3.6.1\mvn_resp\com\google\code\findbugs\jsr305\3.0.2\jsr305-3.0.2.jar;D:\develop_tools\apache\apache-maven\apache-maven-3.6.1\mvn_resp\cn\hutool\hutool-all\5.7.16\hutool-all-5.7.16.jar;D:\develop_tools\apache\apache-maven\apache-maven-3.6.1\mvn_resp\io\springfox\springfox-boot-starter\3.0.0\springfox-boot-starter-3.0.0.jar;D:\develop_tools\apache\apache-maven\apache-maven-3.6.1\mvn_resp\io\springfox\springfox-oas\3.0.0\springfox-oas-3.0.0.jar;D:\develop_tools\apache\apache-maven\apache-maven-3.6.1\mvn_resp\io\swagger\core\v3\swagger-annotations\2.1.2\swagger-annotations-2.1.2.jar;D:\develop_tools\apache\apache-maven\apache-maven-3.6.1\mvn_resp\io\swagger\core\v3\swagger-models\2.1.2\swagger-models-2.1.2.jar;D:\develop_tools\apache\apache-maven\apache-maven-3.6.1\mvn_resp\io\springfox\springfox-spi\3.0.0\springfox-spi-3.0.0.jar;D:\develop_tools\apache\apache-maven\apache-maven-3.6.1\mvn_resp\io\springfox\springfox-schema\3.0.0\springfox-schema-3.0.0.jar;D:\develop_tools\apache\apache-maven\apache-maven-3.6.1\mvn_resp\io\springfox\springfox-core\3.0.0\springfox-core-3.0.0.jar;D:\develop_tools\apache\apache-maven\apache-maven-3.6.1\mvn_resp\io\springfox\springfox-spring-web\3.0.0\springfox-spring-web-3.0.0.jar;D:\develop_tools\apache\apache-maven\apache-maven-3.6.1\mvn_resp\io\github\classgraph\classgraph\4.8.83\classgraph-4.8.83.jar;D:\develop_tools\apache\apache-maven\apache-maven-3.6.1\mvn_resp\io\springfox\springfox-spring-webmvc\3.0.0\springfox-spring-webmvc-3.0.0.jar;D:\develop_tools\apache\apache-maven\apache-maven-3.6.1\mvn_resp\io\springfox\springfox-spring-webflux\3.0.0\springfox-spring-webflux-3.0.0.jar;D:\develop_tools\apache\apache-maven\apache-maven-3.6.1\mvn_resp\io\springfox\springfox-swagger-common\3.0.0\springfox-swagger-common-3.0.0.jar;D:\develop_tools\apache\apache-maven\apache-maven-3.6.1\mvn_resp\org\mapstruct\mapstruct\1.3.1.Final\mapstruct-1.3.1.Final.jar;D:\develop_tools\apache\apache-maven\apache-maven-3.6.1\mvn_resp\io\springfox\springfox-data-rest\3.0.0\springfox-data-rest-3.0.0.jar;D:\develop_tools\apache\apache-maven\apache-maven-3.6.1\mvn_resp\io\springfox\springfox-bean-validators\3.0.0\springfox-bean-validators-3.0.0.jar;D:\develop_tools\apache\apache-maven\apache-maven-3.6.1\mvn_resp\io\springfox\springfox-swagger2\3.0.0\springfox-swagger2-3.0.0.jar;D:\develop_tools\apache\apache-maven\apache-maven-3.6.1\mvn_resp\io\swagger\swagger-annotations\1.5.20\swagger-annotations-1.5.20.jar;D:\develop_tools\apache\apache-maven\apache-maven-3.6.1\mvn_resp\io\swagger\swagger-models\1.5.20\swagger-models-1.5.20.jar;D:\develop_tools\apache\apache-maven\apache-maven-3.6.1\mvn_resp\io\springfox\springfox-swagger-ui\3.0.0\springfox-swagger-ui-3.0.0.jar;D:\develop_tools\apache\apache-maven\apache-maven-3.6.1\mvn_resp\com\fasterxml\classmate\1.5.1\classmate-1.5.1.jar;D:\develop_tools\apache\apache-maven\apache-maven-3.6.1\mvn_resp\org\springframework\plugin\spring-plugin-core\2.0.0.RELEASE\spring-plugin-core-2.0.0.RELEASE.jar;D:\develop_tools\apache\apache-maven\apache-maven-3.6.1\mvn_resp\org\springframework\plugin\spring-plugin-metadata\2.0.0.RELEASE\spring-plugin-metadata-2.0.0.RELEASE.jar;D:\develop_tools\apache\apache-maven\apache-maven-3.6.1\mvn_resp\com\github\pagehelper\pagehelper-spring-boot-starter\1.4.0\pagehelper-spring-boot-starter-1.4.0.jar;D:\develop_tools\apache\apache-maven\apache-maven-3.6.1\mvn_resp\com\github\pagehelper\pagehelper-spring-boot-autoconfigure\1.4.0\pagehelper-spring-boot-autoconfigure-1.4.0.jar;D:\develop_tools\apache\apache-maven\apache-maven-3.6.1\mvn_resp\com\github\pagehelper\pagehelper\5.3.0\pagehelper-5.3.0.jar;D:\develop_tools\apache\apache-maven\apache-maven-3.6.1\mvn_resp\com\github\jsqlparser\jsqlparser\4.2\jsqlparser-4.2.jar;"/>
    <property name="java.vm.vendor" value="Oracle Corporation"/>
    <property name="sun.arch.data.model" value="64"/>
    <property name="user.variant" value=""/>
    <property name="java.vendor.url" value="http://java.oracle.com/"/>
    <property name="user.timezone" value="Asia/Shanghai"/>
    <property name="java.vm.specification.version" value="1.8"/>
    <property name="os.name" value="Windows 10"/>
    <property name="user.country" value="CN"/>
    <property name="sun.java.launcher" value="SUN_STANDARD"/>
    <property name="sun.boot.library.path" value="D:\develop_tools\java\java1.8.0_281\jdk1.8.0_281\jre\bin"/>
    <property name="sun.java.command" value="C:\Windows\TEMP\surefire8933642151479331339\surefirebooter8285711333144013095.jar C:\Windows\Temp\surefire8933642151479331339 2023-05-22T10-53-09_058-jvmRun1 surefire7584182348211467036tmp surefire_03777928427139369073tmp"/>
    <property name="surefire.test.class.path" value="D:\my_work\IDE_project\IDEA_project\personal-blog\target\test-classes;D:\my_work\IDE_project\IDEA_project\personal-blog\target\classes;D:\develop_tools\apache\apache-maven\apache-maven-3.6.1\mvn_resp\org\springframework\boot\spring-boot-starter-web\2.5.5\spring-boot-starter-web-2.5.5.jar;D:\develop_tools\apache\apache-maven\apache-maven-3.6.1\mvn_resp\org\springframework\boot\spring-boot-starter\2.5.5\spring-boot-starter-2.5.5.jar;D:\develop_tools\apache\apache-maven\apache-maven-3.6.1\mvn_resp\org\springframework\boot\spring-boot\2.5.5\spring-boot-2.5.5.jar;D:\develop_tools\apache\apache-maven\apache-maven-3.6.1\mvn_resp\org\springframework\boot\spring-boot-autoconfigure\2.5.5\spring-boot-autoconfigure-2.5.5.jar;D:\develop_tools\apache\apache-maven\apache-maven-3.6.1\mvn_resp\jakarta\annotation\jakarta.annotation-api\1.3.5\jakarta.annotation-api-1.3.5.jar;D:\develop_tools\apache\apache-maven\apache-maven-3.6.1\mvn_resp\org\yaml\snakeyaml\1.28\snakeyaml-1.28.jar;D:\develop_tools\apache\apache-maven\apache-maven-3.6.1\mvn_resp\org\springframework\boot\spring-boot-starter-json\2.5.5\spring-boot-starter-json-2.5.5.jar;D:\develop_tools\apache\apache-maven\apache-maven-3.6.1\mvn_resp\com\fasterxml\jackson\core\jackson-databind\2.12.5\jackson-databind-2.12.5.jar;D:\develop_tools\apache\apache-maven\apache-maven-3.6.1\mvn_resp\com\fasterxml\jackson\core\jackson-annotations\2.12.5\jackson-annotations-2.12.5.jar;D:\develop_tools\apache\apache-maven\apache-maven-3.6.1\mvn_resp\com\fasterxml\jackson\core\jackson-core\2.12.5\jackson-core-2.12.5.jar;D:\develop_tools\apache\apache-maven\apache-maven-3.6.1\mvn_resp\com\fasterxml\jackson\datatype\jackson-datatype-jdk8\2.12.5\jackson-datatype-jdk8-2.12.5.jar;D:\develop_tools\apache\apache-maven\apache-maven-3.6.1\mvn_resp\com\fasterxml\jackson\datatype\jackson-datatype-jsr310\2.12.5\jackson-datatype-jsr310-2.12.5.jar;D:\develop_tools\apache\apache-maven\apache-maven-3.6.1\mvn_resp\com\fasterxml\jackson\module\jackson-module-parameter-names\2.12.5\jackson-module-parameter-names-2.12.5.jar;D:\develop_tools\apache\apache-maven\apache-maven-3.6.1\mvn_resp\org\springframework\boot\spring-boot-starter-tomcat\2.5.5\spring-boot-starter-tomcat-2.5.5.jar;D:\develop_tools\apache\apache-maven\apache-maven-3.6.1\mvn_resp\org\apache\tomcat\embed\tomcat-embed-core\9.0.53\tomcat-embed-core-9.0.53.jar;D:\develop_tools\apache\apache-maven\apache-maven-3.6.1\mvn_resp\org\apache\tomcat\embed\tomcat-embed-el\9.0.53\tomcat-embed-el-9.0.53.jar;D:\develop_tools\apache\apache-maven\apache-maven-3.6.1\mvn_resp\org\apache\tomcat\embed\tomcat-embed-websocket\9.0.53\tomcat-embed-websocket-9.0.53.jar;D:\develop_tools\apache\apache-maven\apache-maven-3.6.1\mvn_resp\org\springframework\spring-web\5.3.10\spring-web-5.3.10.jar;D:\develop_tools\apache\apache-maven\apache-maven-3.6.1\mvn_resp\org\springframework\spring-beans\5.3.10\spring-beans-5.3.10.jar;D:\develop_tools\apache\apache-maven\apache-maven-3.6.1\mvn_resp\org\springframework\spring-webmvc\5.3.10\spring-webmvc-5.3.10.jar;D:\develop_tools\apache\apache-maven\apache-maven-3.6.1\mvn_resp\org\springframework\spring-aop\5.3.10\spring-aop-5.3.10.jar;D:\develop_tools\apache\apache-maven\apache-maven-3.6.1\mvn_resp\org\springframework\spring-context\5.3.10\spring-context-5.3.10.jar;D:\develop_tools\apache\apache-maven\apache-maven-3.6.1\mvn_resp\org\springframework\spring-expression\5.3.10\spring-expression-5.3.10.jar;D:\develop_tools\apache\apache-maven\apache-maven-3.6.1\mvn_resp\org\springframework\boot\spring-boot-starter-test\2.5.5\spring-boot-starter-test-2.5.5.jar;D:\develop_tools\apache\apache-maven\apache-maven-3.6.1\mvn_resp\org\springframework\boot\spring-boot-test\2.5.5\spring-boot-test-2.5.5.jar;D:\develop_tools\apache\apache-maven\apache-maven-3.6.1\mvn_resp\org\springframework\boot\spring-boot-test-autoconfigure\2.5.5\spring-boot-test-autoconfigure-2.5.5.jar;D:\develop_tools\apache\apache-maven\apache-maven-3.6.1\mvn_resp\com\jayway\jsonpath\json-path\2.5.0\json-path-2.5.0.jar;D:\develop_tools\apache\apache-maven\apache-maven-3.6.1\mvn_resp\net\minidev\json-smart\2.4.7\json-smart-2.4.7.jar;D:\develop_tools\apache\apache-maven\apache-maven-3.6.1\mvn_resp\net\minidev\accessors-smart\2.4.7\accessors-smart-2.4.7.jar;D:\develop_tools\apache\apache-maven\apache-maven-3.6.1\mvn_resp\org\ow2\asm\asm\9.1\asm-9.1.jar;D:\develop_tools\apache\apache-maven\apache-maven-3.6.1\mvn_resp\jakarta\xml\bind\jakarta.xml.bind-api\2.3.3\jakarta.xml.bind-api-2.3.3.jar;D:\develop_tools\apache\apache-maven\apache-maven-3.6.1\mvn_resp\jakarta\activation\jakarta.activation-api\1.2.2\jakarta.activation-api-1.2.2.jar;D:\develop_tools\apache\apache-maven\apache-maven-3.6.1\mvn_resp\org\assertj\assertj-core\3.19.0\assertj-core-3.19.0.jar;D:\develop_tools\apache\apache-maven\apache-maven-3.6.1\mvn_resp\org\hamcrest\hamcrest\2.2\hamcrest-2.2.jar;D:\develop_tools\apache\apache-maven\apache-maven-3.6.1\mvn_resp\org\junit\jupiter\junit-jupiter\5.7.2\junit-jupiter-5.7.2.jar;D:\develop_tools\apache\apache-maven\apache-maven-3.6.1\mvn_resp\org\junit\jupiter\junit-jupiter-api\5.7.2\junit-jupiter-api-5.7.2.jar;D:\develop_tools\apache\apache-maven\apache-maven-3.6.1\mvn_resp\org\apiguardian\apiguardian-api\1.1.0\apiguardian-api-1.1.0.jar;D:\develop_tools\apache\apache-maven\apache-maven-3.6.1\mvn_resp\org\opentest4j\opentest4j\1.2.0\opentest4j-1.2.0.jar;D:\develop_tools\apache\apache-maven\apache-maven-3.6.1\mvn_resp\org\junit\platform\junit-platform-commons\1.7.2\junit-platform-commons-1.7.2.jar;D:\develop_tools\apache\apache-maven\apache-maven-3.6.1\mvn_resp\org\junit\jupiter\junit-jupiter-params\5.7.2\junit-jupiter-params-5.7.2.jar;D:\develop_tools\apache\apache-maven\apache-maven-3.6.1\mvn_resp\org\junit\jupiter\junit-jupiter-engine\5.7.2\junit-jupiter-engine-5.7.2.jar;D:\develop_tools\apache\apache-maven\apache-maven-3.6.1\mvn_resp\org\junit\platform\junit-platform-engine\1.7.2\junit-platform-engine-1.7.2.jar;D:\develop_tools\apache\apache-maven\apache-maven-3.6.1\mvn_resp\org\mockito\mockito-core\3.9.0\mockito-core-3.9.0.jar;D:\develop_tools\apache\apache-maven\apache-maven-3.6.1\mvn_resp\net\bytebuddy\byte-buddy\1.10.22\byte-buddy-1.10.22.jar;D:\develop_tools\apache\apache-maven\apache-maven-3.6.1\mvn_resp\net\bytebuddy\byte-buddy-agent\1.10.22\byte-buddy-agent-1.10.22.jar;D:\develop_tools\apache\apache-maven\apache-maven-3.6.1\mvn_resp\org\objenesis\objenesis\3.2\objenesis-3.2.jar;D:\develop_tools\apache\apache-maven\apache-maven-3.6.1\mvn_resp\org\mockito\mockito-junit-jupiter\3.9.0\mockito-junit-jupiter-3.9.0.jar;D:\develop_tools\apache\apache-maven\apache-maven-3.6.1\mvn_resp\org\skyscreamer\jsonassert\1.5.0\jsonassert-1.5.0.jar;D:\develop_tools\apache\apache-maven\apache-maven-3.6.1\mvn_resp\com\vaadin\external\google\android-json\0.0.20131108.vaadin1\android-json-0.0.20131108.vaadin1.jar;D:\develop_tools\apache\apache-maven\apache-maven-3.6.1\mvn_resp\org\springframework\spring-core\5.3.10\spring-core-5.3.10.jar;D:\develop_tools\apache\apache-maven\apache-maven-3.6.1\mvn_resp\org\springframework\spring-jcl\5.3.10\spring-jcl-5.3.10.jar;D:\develop_tools\apache\apache-maven\apache-maven-3.6.1\mvn_resp\org\springframework\spring-test\5.3.10\spring-test-5.3.10.jar;D:\develop_tools\apache\apache-maven\apache-maven-3.6.1\mvn_resp\org\xmlunit\xmlunit-core\2.8.2\xmlunit-core-2.8.2.jar;D:\develop_tools\apache\apache-maven\apache-maven-3.6.1\mvn_resp\org\springframework\boot\spring-boot-starter-jdbc\2.5.5\spring-boot-starter-jdbc-2.5.5.jar;D:\develop_tools\apache\apache-maven\apache-maven-3.6.1\mvn_resp\com\zaxxer\HikariCP\4.0.3\HikariCP-4.0.3.jar;D:\develop_tools\apache\apache-maven\apache-maven-3.6.1\mvn_resp\org\springframework\spring-jdbc\5.3.10\spring-jdbc-5.3.10.jar;D:\develop_tools\apache\apache-maven\apache-maven-3.6.1\mvn_resp\org\springframework\spring-tx\5.3.10\spring-tx-5.3.10.jar;D:\develop_tools\apache\apache-maven\apache-maven-3.6.1\mvn_resp\mysql\mysql-connector-java\8.0.26\mysql-connector-java-8.0.26.jar;D:\develop_tools\apache\apache-maven\apache-maven-3.6.1\mvn_resp\org\mybatis\spring\boot\mybatis-spring-boot-starter\2.1.3\mybatis-spring-boot-starter-2.1.3.jar;D:\develop_tools\apache\apache-maven\apache-maven-3.6.1\mvn_resp\org\mybatis\spring\boot\mybatis-spring-boot-autoconfigure\2.1.3\mybatis-spring-boot-autoconfigure-2.1.3.jar;D:\develop_tools\apache\apache-maven\apache-maven-3.6.1\mvn_resp\org\mybatis\mybatis\3.5.5\mybatis-3.5.5.jar;D:\develop_tools\apache\apache-maven\apache-maven-3.6.1\mvn_resp\org\mybatis\mybatis-spring\2.0.5\mybatis-spring-2.0.5.jar;D:\develop_tools\apache\apache-maven\apache-maven-3.6.1\mvn_resp\org\slf4j\slf4j-api\1.7.32\slf4j-api-1.7.32.jar;D:\develop_tools\apache\apache-maven\apache-maven-3.6.1\mvn_resp\org\apache\logging\log4j\log4j-api\2.13.0\log4j-api-2.13.0.jar;D:\develop_tools\apache\apache-maven\apache-maven-3.6.1\mvn_resp\org\apache\logging\log4j\log4j-core\2.13.0\log4j-core-2.13.0.jar;D:\develop_tools\apache\apache-maven\apache-maven-3.6.1\mvn_resp\org\apache\logging\log4j\log4j-slf4j-impl\2.13.0\log4j-slf4j-impl-2.13.0.jar;D:\develop_tools\apache\apache-maven\apache-maven-3.6.1\mvn_resp\com\lmax\disruptor\3.4.2\disruptor-3.4.2.jar;D:\develop_tools\apache\apache-maven\apache-maven-3.6.1\mvn_resp\org\projectlombok\lombok\1.18.20\lombok-1.18.20.jar;D:\develop_tools\apache\apache-maven\apache-maven-3.6.1\mvn_resp\javax\validation\validation-api\2.0.1.Final\validation-api-2.0.1.Final.jar;D:\develop_tools\apache\apache-maven\apache-maven-3.6.1\mvn_resp\com\github\spotbugs\spotbugs-annotations\4.7.3\spotbugs-annotations-4.7.3.jar;D:\develop_tools\apache\apache-maven\apache-maven-3.6.1\mvn_resp\com\google\code\findbugs\jsr305\3.0.2\jsr305-3.0.2.jar;D:\develop_tools\apache\apache-maven\apache-maven-3.6.1\mvn_resp\cn\hutool\hutool-all\5.7.16\hutool-all-5.7.16.jar;D:\develop_tools\apache\apache-maven\apache-maven-3.6.1\mvn_resp\io\springfox\springfox-boot-starter\3.0.0\springfox-boot-starter-3.0.0.jar;D:\develop_tools\apache\apache-maven\apache-maven-3.6.1\mvn_resp\io\springfox\springfox-oas\3.0.0\springfox-oas-3.0.0.jar;D:\develop_tools\apache\apache-maven\apache-maven-3.6.1\mvn_resp\io\swagger\core\v3\swagger-annotations\2.1.2\swagger-annotations-2.1.2.jar;D:\develop_tools\apache\apache-maven\apache-maven-3.6.1\mvn_resp\io\swagger\core\v3\swagger-models\2.1.2\swagger-models-2.1.2.jar;D:\develop_tools\apache\apache-maven\apache-maven-3.6.1\mvn_resp\io\springfox\springfox-spi\3.0.0\springfox-spi-3.0.0.jar;D:\develop_tools\apache\apache-maven\apache-maven-3.6.1\mvn_resp\io\springfox\springfox-schema\3.0.0\springfox-schema-3.0.0.jar;D:\develop_tools\apache\apache-maven\apache-maven-3.6.1\mvn_resp\io\springfox\springfox-core\3.0.0\springfox-core-3.0.0.jar;D:\develop_tools\apache\apache-maven\apache-maven-3.6.1\mvn_resp\io\springfox\springfox-spring-web\3.0.0\springfox-spring-web-3.0.0.jar;D:\develop_tools\apache\apache-maven\apache-maven-3.6.1\mvn_resp\io\github\classgraph\classgraph\4.8.83\classgraph-4.8.83.jar;D:\develop_tools\apache\apache-maven\apache-maven-3.6.1\mvn_resp\io\springfox\springfox-spring-webmvc\3.0.0\springfox-spring-webmvc-3.0.0.jar;D:\develop_tools\apache\apache-maven\apache-maven-3.6.1\mvn_resp\io\springfox\springfox-spring-webflux\3.0.0\springfox-spring-webflux-3.0.0.jar;D:\develop_tools\apache\apache-maven\apache-maven-3.6.1\mvn_resp\io\springfox\springfox-swagger-common\3.0.0\springfox-swagger-common-3.0.0.jar;D:\develop_tools\apache\apache-maven\apache-maven-3.6.1\mvn_resp\org\mapstruct\mapstruct\1.3.1.Final\mapstruct-1.3.1.Final.jar;D:\develop_tools\apache\apache-maven\apache-maven-3.6.1\mvn_resp\io\springfox\springfox-data-rest\3.0.0\springfox-data-rest-3.0.0.jar;D:\develop_tools\apache\apache-maven\apache-maven-3.6.1\mvn_resp\io\springfox\springfox-bean-validators\3.0.0\springfox-bean-validators-3.0.0.jar;D:\develop_tools\apache\apache-maven\apache-maven-3.6.1\mvn_resp\io\springfox\springfox-swagger2\3.0.0\springfox-swagger2-3.0.0.jar;D:\develop_tools\apache\apache-maven\apache-maven-3.6.1\mvn_resp\io\swagger\swagger-annotations\1.5.20\swagger-annotations-1.5.20.jar;D:\develop_tools\apache\apache-maven\apache-maven-3.6.1\mvn_resp\io\swagger\swagger-models\1.5.20\swagger-models-1.5.20.jar;D:\develop_tools\apache\apache-maven\apache-maven-3.6.1\mvn_resp\io\springfox\springfox-swagger-ui\3.0.0\springfox-swagger-ui-3.0.0.jar;D:\develop_tools\apache\apache-maven\apache-maven-3.6.1\mvn_resp\com\fasterxml\classmate\1.5.1\classmate-1.5.1.jar;D:\develop_tools\apache\apache-maven\apache-maven-3.6.1\mvn_resp\org\springframework\plugin\spring-plugin-core\2.0.0.RELEASE\spring-plugin-core-2.0.0.RELEASE.jar;D:\develop_tools\apache\apache-maven\apache-maven-3.6.1\mvn_resp\org\springframework\plugin\spring-plugin-metadata\2.0.0.RELEASE\spring-plugin-metadata-2.0.0.RELEASE.jar;D:\develop_tools\apache\apache-maven\apache-maven-3.6.1\mvn_resp\com\github\pagehelper\pagehelper-spring-boot-starter\1.4.0\pagehelper-spring-boot-starter-1.4.0.jar;D:\develop_tools\apache\apache-maven\apache-maven-3.6.1\mvn_resp\com\github\pagehelper\pagehelper-spring-boot-autoconfigure\1.4.0\pagehelper-spring-boot-autoconfigure-1.4.0.jar;D:\develop_tools\apache\apache-maven\apache-maven-3.6.1\mvn_resp\com\github\pagehelper\pagehelper\5.3.0\pagehelper-5.3.0.jar;D:\develop_tools\apache\apache-maven\apache-maven-3.6.1\mvn_resp\com\github\jsqlparser\jsqlparser\4.2\jsqlparser-4.2.jar;"/>
    <property name="sun.cpu.endian" value="little"/>
    <property name="user.home" value="C:\Users\ASUS"/>
    <property name="user.language" value="zh"/>
    <property name="java.specification.vendor" value="Oracle Corporation"/>
    <property name="java.home" value="D:\develop_tools\java\java1.8.0_281\jdk1.8.0_281\jre"/>
    <property name="basedir" value="D:\my_work\IDE_project\IDEA_project\personal-blog"/>
    <property name="file.separator" value="\"/>
    <property name="line.separator" value="&#10;"/>
    <property name="java.vm.specification.vendor" value="Oracle Corporation"/>
    <property name="java.specification.name" value="Java Platform API Specification"/>
    <property name="java.awt.graphicsenv" value="sun.awt.Win32GraphicsEnvironment"/>
    <property name="surefire.real.class.path" value="C:\Windows\TEMP\surefire8933642151479331339\surefirebooter8285711333144013095.jar"/>
    <property name="sun.boot.class.path" value="D:\develop_tools\java\java1.8.0_281\jdk1.8.0_281\jre\lib\resources.jar;D:\develop_tools\java\java1.8.0_281\jdk1.8.0_281\jre\lib\rt.jar;D:\develop_tools\java\java1.8.0_281\jdk1.8.0_281\jre\lib\sunrsasign.jar;D:\develop_tools\java\java1.8.0_281\jdk1.8.0_281\jre\lib\jsse.jar;D:\develop_tools\java\java1.8.0_281\jdk1.8.0_281\jre\lib\jce.jar;D:\develop_tools\java\java1.8.0_281\jdk1.8.0_281\jre\lib\charsets.jar;D:\develop_tools\java\java1.8.0_281\jdk1.8.0_281\jre\lib\jfr.jar;D:\develop_tools\java\java1.8.0_281\jdk1.8.0_281\jre\classes"/>
    <property name="user.script" value=""/>
    <property name="sun.management.compiler" value="HotSpot 64-Bit Tiered Compilers"/>
    <property name="java.runtime.version" value="1.8.0_281-b09"/>
    <property name="user.name" value="ASUS"/>
    <property name="path.separator" value=";"/>
    <property name="os.version" value="10.0"/>
    <property name="java.endorsed.dirs" value="D:\develop_tools\java\java1.8.0_281\jdk1.8.0_281\jre\lib\endorsed"/>
    <property name="java.runtime.name" value="Java(TM) SE Runtime Environment"/>
    <property name="file.encoding" value="GBK"/>
    <property name="java.vm.name" value="Java HotSpot(TM) 64-Bit Server VM"/>
    <property name="localRepository" value="D:\develop_tools\apache\apache-maven\apache-maven-3.6.1\mvn_resp"/>
    <property name="java.vendor.url.bug" value="http://bugreport.sun.com/bugreport/"/>
    <property name="java.io.tmpdir" value="C:\Windows\TEMP\"/>
    <property name="idea.version" value="2022.1.4"/>
    <property name="java.version" value="1.8.0_281"/>
    <property name="user.dir" value="D:\my_work\IDE_project\IDEA_project\personal-blog"/>
    <property name="os.arch" value="amd64"/>
    <property name="java.vm.specification.name" value="Java Virtual Machine Specification"/>
    <property name="java.awt.printerjob" value="sun.awt.windows.WPrinterJob"/>
    <property name="sun.os.patch.level" value=""/>
    <property name="java.library.path" value="D:\develop_tools\java\java1.8.0_281\jdk1.8.0_281\jre\bin;C:\Windows\Sun\Java\bin;C:\Windows\system32;C:\Windows;D:\develop_tools\IDE\Python_IDE\Anaconda3-2022.10\condabin;D:\develop_tools\mingw64\bin;D:\develop_tools\Virtual_machine\VMware17.0\bin\;C:\Windows\system32;C:\Windows;C:\Windows\System32\Wbem;C:\Windows\System32\WindowsPowerShell\v1.0\;C:\Windows\System32\OpenSSH\;D:\develop_tools\node.js\;D:\develop_tools\linux_tools\xshell\;D:\develop_tools\linux_tools\xftp\;D:\develop_tools\Git\Git-2.39.2-64-bit\Git\cmd;D:\develop_tools\node.js\node_modules;D:\develop_tools\apache\apache-maven\apache-maven-3.6.1\bin;C:\Program Files\python;C:\Program Files\python\Scripts;D:\develop_tools\linux_tools\xshell\BtSoft\panel\script;D:\develop_tools\IDE\Python_IDE\Anaconda3-2022.10;D:\develop_tools\IDE\Python_IDE\Anaconda3-2022.10\Scripts;D:\develop_tools\IDE\Python_IDE\Anaconda3-2022.10\Library\bin;D:\develop_tools\IDE\Python_IDE\Anaconda3-2022.10\Library\mingw-w64\bin;D:\develop_tools\IDE\Python_IDE\Anaconda3-2022.10\Library\usr\bin;C:\Program Files\dotnet\;D:\develop_tools\apache\apache-maven\apache-maven-3.6.1\bin;D:\develop_tools\java\java1.8.0_261\jdk1.8.0_261\bin;C:\Program Files\Common Files\Oracle\Java\javapath;%IntelliJ IDEA%;%PyCharm%;%WebStorm%;D:\develop_tools\IDE\Java_IDE\IntelliJ IDEA 2022.3.3\bin;D:\develop_tools\IDE\jetbrains_fliter\vmoptions\idea.vmoptions;D:\develop_tools\IDE\Microsoft VS Code\bin;C:\Users\ASUS\AppData\Local\Programs\Microsoft VS Code\bin;%CATALINA_HOME%\bin;%CATALINA_HOME%\lib;D:\develop_tools\mysql\mysql-community-5.7.34.0\MySQL Server 5.7\bin;D:\develop_tools\python\python 3.11.2\Scripts\;D:\develop_tools\python\python 3.11.2\;D:\develop_tools\node.js\node_global;D:\my_software\Bandizip\;C:\Users\ASUS\AppData\Local\Microsoft\WindowsApps;;."/>
    <property name="java.vm.info" value="mixed mode"/>
    <property name="java.vendor" value="Oracle Corporation"/>
    <property name="java.vm.version" value="25.281-b09"/>
    <property name="java.ext.dirs" value="D:\develop_tools\java\java1.8.0_281\jdk1.8.0_281\jre\lib\ext;C:\Windows\Sun\Java\lib\ext"/>
    <property name="sun.io.unicode.encoding" value="UnicodeLittle"/>
    <property name="maven.repo.local" value="D:\develop_tools\apache\apache-maven\apache-maven-3.6.1\mvn_resp"/>
    <property name="java.class.version" value="52.0"/>
  </properties>
  <testcase name="contextLoads" classname="com.blog.personalblog.PersonalBlogApplicationTests" time="0.279"/>
</testsuite>